running egg_info
creating ../../build/robot_sim/robot_sim.egg-info
writing ../../build/robot_sim/robot_sim.egg-info/PKG-INFO
writing dependency_links to ../../build/robot_sim/robot_sim.egg-info/dependency_links.txt
writing entry points to ../../build/robot_sim/robot_sim.egg-info/entry_points.txt
writing requirements to ../../build/robot_sim/robot_sim.egg-info/requires.txt
writing top-level names to ../../build/robot_sim/robot_sim.egg-info/top_level.txt
writing manifest file '../../build/robot_sim/robot_sim.egg-info/SOURCES.txt'
reading manifest file '../../build/robot_sim/robot_sim.egg-info/SOURCES.txt'
writing manifest file '../../build/robot_sim/robot_sim.egg-info/SOURCES.txt'
running build
running build_py
creating /home/gauri/racing/IITBDV-Recruitment-Hackathon/Simulation-Development/workspace/build/robot_sim/build
creating /home/gauri/racing/IITBDV-Recruitment-Hackathon/Simulation-Development/workspace/build/robot_sim/build/lib
creating /home/gauri/racing/IITBDV-Recruitment-Hackathon/Simulation-Development/workspace/build/robot_sim/build/lib/robot_sim
copying robot_sim/__init__.py -> /home/gauri/racing/IITBDV-Recruitment-Hackathon/Simulation-Development/workspace/build/robot_sim/build/lib/robot_sim
copying robot_sim/roam.py -> /home/gauri/racing/IITBDV-Recruitment-Hackathon/Simulation-Development/workspace/build/robot_sim/build/lib/robot_sim
running install
running install_lib
creating /home/gauri/racing/IITBDV-Recruitment-Hackathon/Simulation-Development/workspace/install/robot_sim/lib/python3.10/site-packages/robot_sim
copying /home/gauri/racing/IITBDV-Recruitment-Hackathon/Simulation-Development/workspace/build/robot_sim/build/lib/robot_sim/__init__.py -> /home/gauri/racing/IITBDV-Recruitment-Hackathon/Simulation-Development/workspace/install/robot_sim/lib/python3.10/site-packages/robot_sim
copying /home/gauri/racing/IITBDV-Recruitment-Hackathon/Simulation-Development/workspace/build/robot_sim/build/lib/robot_sim/roam.py -> /home/gauri/racing/IITBDV-Recruitment-Hackathon/Simulation-Development/workspace/install/robot_sim/lib/python3.10/site-packages/robot_sim
byte-compiling /home/gauri/racing/IITBDV-Recruitment-Hackathon/Simulation-Development/workspace/install/robot_sim/lib/python3.10/site-packages/robot_sim/__init__.py to __init__.cpython-310.pyc
byte-compiling /home/gauri/racing/IITBDV-Recruitment-Hackathon/Simulation-Development/workspace/install/robot_sim/lib/python3.10/site-packages/robot_sim/roam.py to roam.cpython-310.pyc
running install_data
creating /home/gauri/racing/IITBDV-Recruitment-Hackathon/Simulation-Development/workspace/install/robot_sim/share/ament_index
creating /home/gauri/racing/IITBDV-Recruitment-Hackathon/Simulation-Development/workspace/install/robot_sim/share/ament_index/resource_index
creating /home/gauri/racing/IITBDV-Recruitment-Hackathon/Simulation-Development/workspace/install/robot_sim/share/ament_index/resource_index/packages
copying resource/robot_sim -> /home/gauri/racing/IITBDV-Recruitment-Hackathon/Simulation-Development/workspace/install/robot_sim/share/ament_index/resource_index/packages
copying package.xml -> /home/gauri/racing/IITBDV-Recruitment-Hackathon/Simulation-Development/workspace/install/robot_sim/share/robot_sim
creating /home/gauri/racing/IITBDV-Recruitment-Hackathon/Simulation-Development/workspace/install/robot_sim/share/robot_sim/urdf
copying urdf/robot.gazebo -> /home/gauri/racing/IITBDV-Recruitment-Hackathon/Simulation-Development/workspace/install/robot_sim/share/robot_sim/urdf
copying urdf/robot.urdf -> /home/gauri/racing/IITBDV-Recruitment-Hackathon/Simulation-Development/workspace/install/robot_sim/share/robot_sim/urdf
copying urdf/colour.xacro -> /home/gauri/racing/IITBDV-Recruitment-Hackathon/Simulation-Development/workspace/install/robot_sim/share/robot_sim/urdf
creating /home/gauri/racing/IITBDV-Recruitment-Hackathon/Simulation-Development/workspace/install/robot_sim/share/robot_sim/launch
copying launch/spawn_robot.launch.py -> /home/gauri/racing/IITBDV-Recruitment-Hackathon/Simulation-Development/workspace/install/robot_sim/share/robot_sim/launch
copying launch/world.launch.py -> /home/gauri/racing/IITBDV-Recruitment-Hackathon/Simulation-Development/workspace/install/robot_sim/share/robot_sim/launch
creating /home/gauri/racing/IITBDV-Recruitment-Hackathon/Simulation-Development/workspace/install/robot_sim/share/robot_sim/worlds
copying worlds/world.sdf -> /home/gauri/racing/IITBDV-Recruitment-Hackathon/Simulation-Development/workspace/install/robot_sim/share/robot_sim/worlds
running install_egg_info
Copying ../../build/robot_sim/robot_sim.egg-info to /home/gauri/racing/IITBDV-Recruitment-Hackathon/Simulation-Development/workspace/install/robot_sim/lib/python3.10/site-packages/robot_sim-0.0.0-py3.10.egg-info
running install_scripts
Installing roam script to /home/gauri/racing/IITBDV-Recruitment-Hackathon/Simulation-Development/workspace/install/robot_sim/lib/robot_sim
writing list of installed files to '/home/gauri/racing/IITBDV-Recruitment-Hackathon/Simulation-Development/workspace/build/robot_sim/install.log'
