[0.074s] DEBUG:colcon:Command line arguments: ['/usr/bin/colcon', 'build']
[0.074s] DEBUG:colcon:Parsed command line arguments: Namespace(log_base=None, log_level=None, verb_name='build', build_base='build', install_base='install', merge_install=False, symlink_install=False, test_result_base=None, continue_on_error=False, executor='parallel', parallel_workers=24, event_handlers=None, ignore_user_meta=False, metas=['./colcon.meta'], base_paths=['.'], packages_ignore=None, packages_ignore_regex=None, paths=None, packages_up_to=None, packages_up_to_regex=None, packages_above=None, packages_above_and_dependencies=None, packages_above_depth=None, packages_select_by_dep=None, packages_skip_by_dep=None, packages_skip_up_to=None, packages_select_build_failed=False, packages_skip_build_finished=False, packages_select_test_failures=False, packages_skip_test_passed=False, packages_select=None, packages_skip=None, packages_select_regex=None, packages_skip_regex=None, packages_start=None, packages_end=None, allow_overriding=[], cmake_args=None, cmake_target=None, cmake_target_skip_unavailable=False, cmake_clean_cache=False, cmake_clean_first=False, cmake_force_configure=False, ament_cmake_args=None, catkin_cmake_args=None, catkin_skip_building_tests=False, mixin_files=None, mixin=None, verb_parser=<colcon_mixin.mixin.mixin_argument.MixinArgumentDecorator object at 0x72d271a6baf0>, verb_extension=<colcon_core.verb.build.BuildVerb object at 0x72d271a256c0>, main=<bound method BuildVerb.main of <colcon_core.verb.build.BuildVerb object at 0x72d271a256c0>>, mixin_verb=('build',))
[0.179s] Level 1:colcon.colcon_core.package_discovery:discover_packages(colcon_meta) check parameters
[0.179s] Level 1:colcon.colcon_core.package_discovery:discover_packages(recursive) check parameters
[0.179s] Level 1:colcon.colcon_core.package_discovery:discover_packages(ignore) check parameters
[0.179s] Level 1:colcon.colcon_core.package_discovery:discover_packages(path) check parameters
[0.179s] Level 1:colcon.colcon_core.package_discovery:discover_packages(colcon_meta) discover
[0.179s] Level 1:colcon.colcon_core.package_discovery:discover_packages(recursive) discover
[0.179s] INFO:colcon.colcon_core.package_discovery:Crawling recursively for packages in '/home/gauri/racing/IITBDV-Recruitment-Hackathon/Simulation-Development/workspace'
[0.179s] Level 1:colcon.colcon_core.package_identification:_identify(.) by extensions ['ignore', 'ignore_ament_install']
[0.179s] Level 1:colcon.colcon_core.package_identification:_identify(.) by extension 'ignore'
[0.179s] Level 1:colcon.colcon_core.package_identification:_identify(.) by extension 'ignore_ament_install'
[0.179s] Level 1:colcon.colcon_core.package_identification:_identify(.) by extensions ['colcon_pkg']
[0.179s] Level 1:colcon.colcon_core.package_identification:_identify(.) by extension 'colcon_pkg'
[0.179s] Level 1:colcon.colcon_core.package_identification:_identify(.) by extensions ['colcon_meta']
[0.179s] Level 1:colcon.colcon_core.package_identification:_identify(.) by extension 'colcon_meta'
[0.179s] Level 1:colcon.colcon_core.package_identification:_identify(.) by extensions ['ros']
[0.179s] Level 1:colcon.colcon_core.package_identification:_identify(.) by extension 'ros'
[0.186s] Level 1:colcon.colcon_core.package_identification:_identify(.) by extensions ['cmake', 'python']
[0.186s] Level 1:colcon.colcon_core.package_identification:_identify(.) by extension 'cmake'
[0.186s] Level 1:colcon.colcon_core.package_identification:_identify(.) by extension 'python'
[0.186s] Level 1:colcon.colcon_core.package_identification:_identify(.) by extensions ['python_setup_py']
[0.186s] Level 1:colcon.colcon_core.package_identification:_identify(.) by extension 'python_setup_py'
[0.187s] Level 1:colcon.colcon_core.package_identification:_identify(build) by extensions ['ignore', 'ignore_ament_install']
[0.187s] Level 1:colcon.colcon_core.package_identification:_identify(build) by extension 'ignore'
[0.187s] Level 1:colcon.colcon_core.package_identification:_identify(build) ignored
[0.187s] Level 1:colcon.colcon_core.package_identification:_identify(install) by extensions ['ignore', 'ignore_ament_install']
[0.187s] Level 1:colcon.colcon_core.package_identification:_identify(install) by extension 'ignore'
[0.187s] Level 1:colcon.colcon_core.package_identification:_identify(install) ignored
[0.187s] Level 1:colcon.colcon_core.package_identification:_identify(log) by extensions ['ignore', 'ignore_ament_install']
[0.187s] Level 1:colcon.colcon_core.package_identification:_identify(log) by extension 'ignore'
[0.187s] Level 1:colcon.colcon_core.package_identification:_identify(log) ignored
[0.187s] Level 1:colcon.colcon_core.package_identification:_identify(src) by extensions ['ignore', 'ignore_ament_install']
[0.187s] Level 1:colcon.colcon_core.package_identification:_identify(src) by extension 'ignore'
[0.187s] Level 1:colcon.colcon_core.package_identification:_identify(src) by extension 'ignore_ament_install'
[0.187s] Level 1:colcon.colcon_core.package_identification:_identify(src) by extensions ['colcon_pkg']
[0.187s] Level 1:colcon.colcon_core.package_identification:_identify(src) by extension 'colcon_pkg'
[0.187s] Level 1:colcon.colcon_core.package_identification:_identify(src) by extensions ['colcon_meta']
[0.187s] Level 1:colcon.colcon_core.package_identification:_identify(src) by extension 'colcon_meta'
[0.187s] Level 1:colcon.colcon_core.package_identification:_identify(src) by extensions ['ros']
[0.187s] Level 1:colcon.colcon_core.package_identification:_identify(src) by extension 'ros'
[0.187s] Level 1:colcon.colcon_core.package_identification:_identify(src) by extensions ['cmake', 'python']
[0.187s] Level 1:colcon.colcon_core.package_identification:_identify(src) by extension 'cmake'
[0.187s] Level 1:colcon.colcon_core.package_identification:_identify(src) by extension 'python'
[0.187s] Level 1:colcon.colcon_core.package_identification:_identify(src) by extensions ['python_setup_py']
[0.187s] Level 1:colcon.colcon_core.package_identification:_identify(src) by extension 'python_setup_py'
[0.187s] Level 1:colcon.colcon_core.package_identification:_identify(src/robot_sim) by extensions ['ignore', 'ignore_ament_install']
[0.187s] Level 1:colcon.colcon_core.package_identification:_identify(src/robot_sim) by extension 'ignore'
[0.187s] Level 1:colcon.colcon_core.package_identification:_identify(src/robot_sim) by extension 'ignore_ament_install'
[0.187s] Level 1:colcon.colcon_core.package_identification:_identify(src/robot_sim) by extensions ['colcon_pkg']
[0.187s] Level 1:colcon.colcon_core.package_identification:_identify(src/robot_sim) by extension 'colcon_pkg'
[0.187s] Level 1:colcon.colcon_core.package_identification:_identify(src/robot_sim) by extensions ['colcon_meta']
[0.187s] Level 1:colcon.colcon_core.package_identification:_identify(src/robot_sim) by extension 'colcon_meta'
[0.187s] Level 1:colcon.colcon_core.package_identification:_identify(src/robot_sim) by extensions ['ros']
[0.187s] Level 1:colcon.colcon_core.package_identification:_identify(src/robot_sim) by extension 'ros'
[0.189s] DEBUG:colcon.colcon_core.package_identification:Package 'src/robot_sim' with type 'ros.ament_python' and name 'robot_sim'
[0.189s] Level 1:colcon.colcon_core.package_discovery:discover_packages(recursive) using defaults
[0.189s] Level 1:colcon.colcon_core.package_discovery:discover_packages(ignore) discover
[0.189s] Level 1:colcon.colcon_core.package_discovery:discover_packages(ignore) using defaults
[0.189s] Level 1:colcon.colcon_core.package_discovery:discover_packages(path) discover
[0.189s] Level 1:colcon.colcon_core.package_discovery:discover_packages(path) using defaults
[0.219s] Level 1:colcon.colcon_core.package_discovery:discover_packages(prefix_path) check parameters
[0.219s] Level 1:colcon.colcon_core.package_discovery:discover_packages(prefix_path) discover
[0.220s] WARNING:colcon.colcon_ros.prefix_path.ament:The path '/home/gauri/racing/IITBDV-Recruitment-Hackathon/Simulation-Development/workspace/install/robot_sim' in the environment variable AMENT_PREFIX_PATH doesn't exist
[0.220s] WARNING:colcon.colcon_ros.prefix_path.catkin:The path '/home/gauri/racing/IITBDV-Recruitment-Hackathon/Simulation-Development/workspace/install/robot_sim' in the environment variable CMAKE_PREFIX_PATH doesn't exist
[0.221s] DEBUG:colcon.colcon_installed_package_information.package_discovery:Found 0 installed packages in /home/gauri/racing/IITBDV-Recruitment-Hackathon/Simulation-Development/workspace/install
[0.221s] DEBUG:colcon.colcon_installed_package_information.package_discovery:Found 14 installed packages in /home/gauri/erc_ws/install
[0.222s] DEBUG:colcon.colcon_installed_package_information.package_discovery:Found 299 installed packages in /opt/ros/humble
[0.223s] Level 1:colcon.colcon_core.package_discovery:discover_packages(prefix_path) using defaults
[0.245s] Level 5:colcon.colcon_core.verb:set package 'robot_sim' build argument 'cmake_args' from command line to 'None'
[0.246s] Level 5:colcon.colcon_core.verb:set package 'robot_sim' build argument 'cmake_target' from command line to 'None'
[0.246s] Level 5:colcon.colcon_core.verb:set package 'robot_sim' build argument 'cmake_target_skip_unavailable' from command line to 'False'
[0.246s] Level 5:colcon.colcon_core.verb:set package 'robot_sim' build argument 'cmake_clean_cache' from command line to 'False'
[0.246s] Level 5:colcon.colcon_core.verb:set package 'robot_sim' build argument 'cmake_clean_first' from command line to 'False'
[0.246s] Level 5:colcon.colcon_core.verb:set package 'robot_sim' build argument 'cmake_force_configure' from command line to 'False'
[0.246s] Level 5:colcon.colcon_core.verb:set package 'robot_sim' build argument 'ament_cmake_args' from command line to 'None'
[0.246s] Level 5:colcon.colcon_core.verb:set package 'robot_sim' build argument 'catkin_cmake_args' from command line to 'None'
[0.246s] Level 5:colcon.colcon_core.verb:set package 'robot_sim' build argument 'catkin_skip_building_tests' from command line to 'False'
[0.246s] DEBUG:colcon.colcon_core.verb:Building package 'robot_sim' with the following arguments: {'ament_cmake_args': None, 'build_base': '/home/gauri/racing/IITBDV-Recruitment-Hackathon/Simulation-Development/workspace/build/robot_sim', 'catkin_cmake_args': None, 'catkin_skip_building_tests': False, 'cmake_args': None, 'cmake_clean_cache': False, 'cmake_clean_first': False, 'cmake_force_configure': False, 'cmake_target': None, 'cmake_target_skip_unavailable': False, 'install_base': '/home/gauri/racing/IITBDV-Recruitment-Hackathon/Simulation-Development/workspace/install/robot_sim', 'merge_install': False, 'path': '/home/gauri/racing/IITBDV-Recruitment-Hackathon/Simulation-Development/workspace/src/robot_sim', 'symlink_install': False, 'test_result_base': None}
[0.246s] INFO:colcon.colcon_core.executor:Executing jobs using 'parallel' executor
[0.247s] DEBUG:colcon.colcon_parallel_executor.executor.parallel:run_until_complete
[0.247s] INFO:colcon.colcon_ros.task.ament_python.build:Building ROS package in '/home/gauri/racing/IITBDV-Recruitment-Hackathon/Simulation-Development/workspace/src/robot_sim' with build type 'ament_python'
[0.247s] Level 1:colcon.colcon_core.shell:create_environment_hook('robot_sim', 'ament_prefix_path')
[0.249s] INFO:colcon.colcon_core.plugin_system:Skipping extension 'colcon_core.shell.bat': Not used on non-Windows systems
[0.249s] INFO:colcon.colcon_core.shell:Creating environment hook '/home/gauri/racing/IITBDV-Recruitment-Hackathon/Simulation-Development/workspace/install/robot_sim/share/robot_sim/hook/ament_prefix_path.ps1'
[0.250s] INFO:colcon.colcon_core.shell:Creating environment descriptor '/home/gauri/racing/IITBDV-Recruitment-Hackathon/Simulation-Development/workspace/install/robot_sim/share/robot_sim/hook/ament_prefix_path.dsv'
[0.250s] INFO:colcon.colcon_core.shell:Creating environment hook '/home/gauri/racing/IITBDV-Recruitment-Hackathon/Simulation-Development/workspace/install/robot_sim/share/robot_sim/hook/ament_prefix_path.sh'
[0.250s] INFO:colcon.colcon_core.shell:Skip shell extension 'powershell' for command environment: Not usable outside of PowerShell
[0.250s] DEBUG:colcon.colcon_core.shell:Skip shell extension 'dsv' for command environment
[0.437s] INFO:colcon.colcon_core.task.python.build:Building Python package in '/home/gauri/racing/IITBDV-Recruitment-Hackathon/Simulation-Development/workspace/src/robot_sim'
[0.437s] INFO:colcon.colcon_core.shell:Skip shell extension 'powershell' for command environment: Not usable outside of PowerShell
[0.437s] DEBUG:colcon.colcon_core.shell:Skip shell extension 'dsv' for command environment
[0.728s] DEBUG:colcon.colcon_core.event_handler.log_command:Invoking command in '/home/gauri/racing/IITBDV-Recruitment-Hackathon/Simulation-Development/workspace/src/robot_sim': PYTHONPATH=/home/gauri/racing/IITBDV-Recruitment-Hackathon/Simulation-Development/workspace/build/robot_sim/prefix_override:/usr/lib/python3/dist-packages/colcon_core/task/python/colcon_distutils_commands:/home/gauri/racing/IITBDV-Recruitment-Hackathon/Simulation-Development/workspace/install/robot_sim/lib/python3.10/site-packages:${PYTHONPATH} /usr/bin/python3 -W ignore:setup.py install is deprecated -W ignore:easy_install command is deprecated setup.py egg_info --egg-base ../../build/robot_sim build --build-base /home/gauri/racing/IITBDV-Recruitment-Hackathon/Simulation-Development/workspace/build/robot_sim/build install --record /home/gauri/racing/IITBDV-Recruitment-Hackathon/Simulation-Development/workspace/build/robot_sim/install.log --single-version-externally-managed install_data
[0.944s] DEBUG:colcon.colcon_core.event_handler.log_command:Invoked command in '/home/gauri/racing/IITBDV-Recruitment-Hackathon/Simulation-Development/workspace/src/robot_sim' returned '0': PYTHONPATH=/home/gauri/racing/IITBDV-Recruitment-Hackathon/Simulation-Development/workspace/build/robot_sim/prefix_override:/usr/lib/python3/dist-packages/colcon_core/task/python/colcon_distutils_commands:/home/gauri/racing/IITBDV-Recruitment-Hackathon/Simulation-Development/workspace/install/robot_sim/lib/python3.10/site-packages:${PYTHONPATH} /usr/bin/python3 -W ignore:setup.py install is deprecated -W ignore:easy_install command is deprecated setup.py egg_info --egg-base ../../build/robot_sim build --build-base /home/gauri/racing/IITBDV-Recruitment-Hackathon/Simulation-Development/workspace/build/robot_sim/build install --record /home/gauri/racing/IITBDV-Recruitment-Hackathon/Simulation-Development/workspace/build/robot_sim/install.log --single-version-externally-managed install_data
[0.945s] Level 1:colcon.colcon_core.environment:checking '/home/gauri/racing/IITBDV-Recruitment-Hackathon/Simulation-Development/workspace/install/robot_sim' for CMake module files
[0.946s] Level 1:colcon.colcon_core.environment:checking '/home/gauri/racing/IITBDV-Recruitment-Hackathon/Simulation-Development/workspace/install/robot_sim' for CMake config files
[0.946s] Level 1:colcon.colcon_core.environment:checking '/home/gauri/racing/IITBDV-Recruitment-Hackathon/Simulation-Development/workspace/install/robot_sim/lib'
[0.946s] Level 1:colcon.colcon_core.environment:checking '/home/gauri/racing/IITBDV-Recruitment-Hackathon/Simulation-Development/workspace/install/robot_sim/bin'
[0.946s] Level 1:colcon.colcon_core.environment:checking '/home/gauri/racing/IITBDV-Recruitment-Hackathon/Simulation-Development/workspace/install/robot_sim/lib/pkgconfig/robot_sim.pc'
[0.946s] Level 1:colcon.colcon_core.environment:checking '/home/gauri/racing/IITBDV-Recruitment-Hackathon/Simulation-Development/workspace/install/robot_sim/lib/python3.10/site-packages'
[0.947s] Level 1:colcon.colcon_core.shell:create_environment_hook('robot_sim', 'pythonpath')
[0.947s] INFO:colcon.colcon_core.shell:Creating environment hook '/home/gauri/racing/IITBDV-Recruitment-Hackathon/Simulation-Development/workspace/install/robot_sim/share/robot_sim/hook/pythonpath.ps1'
[0.947s] INFO:colcon.colcon_core.shell:Creating environment descriptor '/home/gauri/racing/IITBDV-Recruitment-Hackathon/Simulation-Development/workspace/install/robot_sim/share/robot_sim/hook/pythonpath.dsv'
[0.947s] INFO:colcon.colcon_core.shell:Creating environment hook '/home/gauri/racing/IITBDV-Recruitment-Hackathon/Simulation-Development/workspace/install/robot_sim/share/robot_sim/hook/pythonpath.sh'
[0.948s] Level 1:colcon.colcon_core.environment:checking '/home/gauri/racing/IITBDV-Recruitment-Hackathon/Simulation-Development/workspace/install/robot_sim/bin'
[0.948s] Level 1:colcon.colcon_core.environment:create_environment_scripts_only(robot_sim)
[0.948s] INFO:colcon.colcon_core.shell:Creating package script '/home/gauri/racing/IITBDV-Recruitment-Hackathon/Simulation-Development/workspace/install/robot_sim/share/robot_sim/package.ps1'
[0.948s] INFO:colcon.colcon_core.shell:Creating package descriptor '/home/gauri/racing/IITBDV-Recruitment-Hackathon/Simulation-Development/workspace/install/robot_sim/share/robot_sim/package.dsv'
[0.948s] INFO:colcon.colcon_core.shell:Creating package script '/home/gauri/racing/IITBDV-Recruitment-Hackathon/Simulation-Development/workspace/install/robot_sim/share/robot_sim/package.sh'
[0.949s] INFO:colcon.colcon_core.shell:Creating package script '/home/gauri/racing/IITBDV-Recruitment-Hackathon/Simulation-Development/workspace/install/robot_sim/share/robot_sim/package.bash'
[0.949s] INFO:colcon.colcon_core.shell:Creating package script '/home/gauri/racing/IITBDV-Recruitment-Hackathon/Simulation-Development/workspace/install/robot_sim/share/robot_sim/package.zsh'
[0.949s] Level 1:colcon.colcon_core.environment:create_file_with_runtime_dependencies(/home/gauri/racing/IITBDV-Recruitment-Hackathon/Simulation-Development/workspace/install/robot_sim/share/colcon-core/packages/robot_sim)
[0.950s] DEBUG:colcon.colcon_parallel_executor.executor.parallel:closing loop
[0.950s] DEBUG:colcon.colcon_parallel_executor.executor.parallel:loop closed
[0.950s] DEBUG:colcon.colcon_parallel_executor.executor.parallel:run_until_complete finished with '0'
[0.950s] DEBUG:colcon.colcon_core.event_reactor:joining thread
[0.954s] INFO:colcon.colcon_core.plugin_system:Skipping extension 'colcon_notification.desktop_notification.terminal_notifier': Not used on non-Darwin systems
[0.954s] INFO:colcon.colcon_core.plugin_system:Skipping extension 'colcon_notification.desktop_notification.win32': Not used on non-Windows systems
[0.954s] INFO:colcon.colcon_notification.desktop_notification:Sending desktop notification using 'notify2'
[0.964s] DEBUG:colcon.colcon_core.event_reactor:joined thread
[0.964s] INFO:colcon.colcon_core.shell:Creating prefix script '/home/gauri/racing/IITBDV-Recruitment-Hackathon/Simulation-Development/workspace/install/local_setup.ps1'
[0.965s] INFO:colcon.colcon_core.shell:Creating prefix util module '/home/gauri/racing/IITBDV-Recruitment-Hackathon/Simulation-Development/workspace/install/_local_setup_util_ps1.py'
[0.967s] INFO:colcon.colcon_core.shell:Creating prefix chain script '/home/gauri/racing/IITBDV-Recruitment-Hackathon/Simulation-Development/workspace/install/setup.ps1'
[0.968s] INFO:colcon.colcon_core.shell:Creating prefix script '/home/gauri/racing/IITBDV-Recruitment-Hackathon/Simulation-Development/workspace/install/local_setup.sh'
[0.968s] INFO:colcon.colcon_core.shell:Creating prefix util module '/home/gauri/racing/IITBDV-Recruitment-Hackathon/Simulation-Development/workspace/install/_local_setup_util_sh.py'
[0.968s] INFO:colcon.colcon_core.shell:Creating prefix chain script '/home/gauri/racing/IITBDV-Recruitment-Hackathon/Simulation-Development/workspace/install/setup.sh'
[0.969s] INFO:colcon.colcon_core.shell:Creating prefix script '/home/gauri/racing/IITBDV-Recruitment-Hackathon/Simulation-Development/workspace/install/local_setup.bash'
[0.970s] INFO:colcon.colcon_core.shell:Creating prefix chain script '/home/gauri/racing/IITBDV-Recruitment-Hackathon/Simulation-Development/workspace/install/setup.bash'
[0.970s] INFO:colcon.colcon_core.shell:Creating prefix script '/home/gauri/racing/IITBDV-Recruitment-Hackathon/Simulation-Development/workspace/install/local_setup.zsh'
[0.971s] INFO:colcon.colcon_core.shell:Creating prefix chain script '/home/gauri/racing/IITBDV-Recruitment-Hackathon/Simulation-Development/workspace/install/setup.zsh'
