/home/gauri/racing/IITBDV-Recruitment-Hackathon/Simulation-Development/workspace/install/robot_sim/lib/python3.10/site-packages/robot_sim/__init__.py
/home/gauri/racing/IITBDV-Recruitment-Hackathon/Simulation-Development/workspace/install/robot_sim/lib/python3.10/site-packages/robot_sim/roam.py
/home/gauri/racing/IITBDV-Recruitment-Hackathon/Simulation-Development/workspace/install/robot_sim/lib/python3.10/site-packages/robot_sim/__pycache__/__init__.cpython-310.pyc
/home/gauri/racing/IITBDV-Recruitment-Hackathon/Simulation-Development/workspace/install/robot_sim/lib/python3.10/site-packages/robot_sim/__pycache__/roam.cpython-310.pyc
/home/gauri/racing/IITBDV-Recruitment-Hackathon/Simulation-Development/workspace/install/robot_sim/share/ament_index/resource_index/packages/robot_sim
/home/gauri/racing/IITBDV-Recruitment-Hackathon/Simulation-Development/workspace/install/robot_sim/share/robot_sim/package.xml
/home/gauri/racing/IITBDV-Recruitment-Hackathon/Simulation-Development/workspace/install/robot_sim/share/robot_sim/urdf/robot.gazebo
/home/gauri/racing/IITBDV-Recruitment-Hackathon/Simulation-Development/workspace/install/robot_sim/share/robot_sim/urdf/robot.urdf
/home/gauri/racing/IITBDV-Recruitment-Hackathon/Simulation-Development/workspace/install/robot_sim/share/robot_sim/urdf/colour.xacro
/home/gauri/racing/IITBDV-Recruitment-Hackathon/Simulation-Development/workspace/install/robot_sim/share/robot_sim/launch/spawn_robot.launch.py
/home/gauri/racing/IITBDV-Recruitment-Hackathon/Simulation-Development/workspace/install/robot_sim/share/robot_sim/launch/world.launch.py
/home/gauri/racing/IITBDV-Recruitment-Hackathon/Simulation-Development/workspace/install/robot_sim/share/robot_sim/worlds/world.sdf
/home/gauri/racing/IITBDV-Recruitment-Hackathon/Simulation-Development/workspace/install/robot_sim/lib/python3.10/site-packages/robot_sim-0.0.0-py3.10.egg-info/requires.txt
/home/gauri/racing/IITBDV-Recruitment-Hackathon/Simulation-Development/workspace/install/robot_sim/lib/python3.10/site-packages/robot_sim-0.0.0-py3.10.egg-info/dependency_links.txt
/home/gauri/racing/IITBDV-Recruitment-Hackathon/Simulation-Development/workspace/install/robot_sim/lib/python3.10/site-packages/robot_sim-0.0.0-py3.10.egg-info/entry_points.txt
/home/gauri/racing/IITBDV-Recruitment-Hackathon/Simulation-Development/workspace/install/robot_sim/lib/python3.10/site-packages/robot_sim-0.0.0-py3.10.egg-info/zip-safe
/home/gauri/racing/IITBDV-Recruitment-Hackathon/Simulation-Development/workspace/install/robot_sim/lib/python3.10/site-packages/robot_sim-0.0.0-py3.10.egg-info/SOURCES.txt
/home/gauri/racing/IITBDV-Recruitment-Hackathon/Simulation-Development/workspace/install/robot_sim/lib/python3.10/site-packages/robot_sim-0.0.0-py3.10.egg-info/PKG-INFO
/home/gauri/racing/IITBDV-Recruitment-Hackathon/Simulation-Development/workspace/install/robot_sim/lib/python3.10/site-packages/robot_sim-0.0.0-py3.10.egg-info/top_level.txt
/home/gauri/racing/IITBDV-Recruitment-Hackathon/Simulation-Development/workspace/install/robot_sim/lib/robot_sim/roam
